<?xml version="1.0" encoding="UTF-8"?>
<testng-results total="1" passed="1" failed="0" skipped="0">
  <reporter-output>
  </reporter-output>
  <suite started-at="2021-02-11T11:05:35Z" name="Suite" finished-at="2021-02-11T11:16:15Z" duration-ms="640060">
    <groups>
      <group name="cucumber">
        <method signature="TestRunner.feature(cucumber.api.testng.CucumberFeatureWrapper)[pri:0, instance:com.qa.cashFlowStatementRP.runner.TestRunner@12d4bf7e]" name="feature" class="com.qa.cashFlowStatementRP.runner.TestRunner"/>
      </group> <!-- cucumber -->
    </groups>
    <test started-at="2021-02-11T11:05:35Z" name="Test" finished-at="2021-02-11T11:16:15Z" duration-ms="640060">
      <class name="com.qa.cashFlowStatementRP.runner.TestRunner">
        <test-method is-config="true" signature="setUpClass()[pri:0, instance:com.qa.cashFlowStatementRP.runner.TestRunner@12d4bf7e]" started-at="2021-02-11T16:35:35Z" name="setUpClass" finished-at="2021-02-11T16:35:35Z" duration-ms="277" status="PASS">
          <reporter-output>
          </reporter-output>
        </test-method> <!-- setUpClass -->
        <test-method signature="feature(cucumber.api.testng.CucumberFeatureWrapper)[pri:0, instance:com.qa.cashFlowStatementRP.runner.TestRunner@12d4bf7e]" started-at="2021-02-11T16:35:36Z" name="feature" description="Runs Cucumber Feature" data-provider="features" finished-at="2021-02-11T16:46:15Z" duration-ms="639329" status="PASS">
          <params>
            <param index="0">
              <value>
                <![CDATA[Automation Testing on Cash Flow Statement Suite App]]>
              </value>
            </param>
          </params>
          <reporter-output>
          </reporter-output>
        </test-method> <!-- feature -->
        <test-method is-config="true" signature="tearDownClass()[pri:0, instance:com.qa.cashFlowStatementRP.runner.TestRunner@12d4bf7e]" started-at="2021-02-11T16:46:15Z" name="tearDownClass" finished-at="2021-02-11T16:46:15Z" duration-ms="28" status="PASS">
          <reporter-output>
          </reporter-output>
        </test-method> <!-- tearDownClass -->
      </class> <!-- com.qa.cashFlowStatementRP.runner.TestRunner -->
    </test> <!-- Test -->
  </suite> <!-- Suite -->
</testng-results>
